<?xml version="1.0" encoding="UTF-8"?>
<testsuite xmlns:xsi="http://www.w3.org/2001/XMLSchema-instance" xsi:noNamespaceSchemaLocation="https://maven.apache.org/surefire/maven-surefire-plugin/xsd/surefire-test-report-3.0.xsd" version="3.0" name="ComparatorsTest" time="0.345" tests="16" errors="0" skipped="0" failures="0">
  <properties>
[...]
</properties>
  <testcase name="isEqualTest1" classname="ComparatorsTest" time="0.005"/>
  <testcase name="isEqualTest2" classname="ComparatorsTest" time="0.0"/>
  <testcase name="greaterThanTest1" classname="ComparatorsTest" time="0.0"/>
  <testcase name="greaterThanTest2" classname="ComparatorsTest" time="0.0"/>
  <testcase name="greaterThanTest3" classname="ComparatorsTest" time="0.002"/>
  <testcase name="lessThanTest1" classname="ComparatorsTest" time="0.003"/>
  <testcase name="lessThanTest2" classname="ComparatorsTest" time="0.003"/>
  <testcase name="lessThanTest3" classname="ComparatorsTest" time="0.001"/>
  <testcase name="lessThanOrEqualToTest1" classname="ComparatorsTest" time="0.001"/>
  <testcase name="lessThanOrEqualToTest2" classname="ComparatorsTest" time="0.001"/>
  <testcase name="lessThanOrEqualToTest3" classname="ComparatorsTest" time="0.001"/>
  <testcase name="greaterThanOrEqualToTest1" classname="ComparatorsTest" time="0.001"/>
  <testcase name="greaterThanOrEqualToTest2" classname="ComparatorsTest" time="0.004"/>
  <testcase name="greaterThanOrEqualToTest3" classname="ComparatorsTest" time="0.001"/>
  <testcase name="notEqualToTest1" classname="ComparatorsTest" time="0.0"/>
  <testcase name="notEqualToTest2" classname="ComparatorsTest" time="0.003"/>
</testsuite>